\BOOKMARK [1][-]{section.1}{Introduction}{}% 1
\BOOKMARK [1][-]{section.2}{Theory}{}% 2
\BOOKMARK [2][-]{subsection.2.1}{Latent Dirichlet Allocation}{section.2}% 3
\BOOKMARK [2][-]{subsection.2.2}{Principal Component Analysis}{section.2}% 4
\BOOKMARK [1][-]{section.3}{Data}{}% 5
\BOOKMARK [2][-]{subsection.3.1}{Dataset}{section.3}% 6
\BOOKMARK [2][-]{subsection.3.2}{Preprocessing}{section.3}% 7
\BOOKMARK [1][-]{section.4}{Method}{}% 8
\BOOKMARK [1][-]{section.5}{Results}{}% 9
\BOOKMARK [2][-]{subsection.5.1}{Model and Topics}{section.5}% 10
\BOOKMARK [2][-]{subsection.5.2}{Topics in Rap over Time}{section.5}% 11
\BOOKMARK [2][-]{subsection.5.3}{Sido's Story - Underground to Mainstream}{section.5}% 12
\BOOKMARK [2][-]{subsection.5.4}{An Artist Overview}{section.5}% 13
\BOOKMARK [1][-]{section.6}{Discussion}{}% 14
\BOOKMARK [2][-]{subsection.6.1}{Analysis}{section.6}% 15
\BOOKMARK [3][-]{subsubsection.6.1.1}{The Topics}{subsection.6.1}% 16
\BOOKMARK [3][-]{subsubsection.6.1.2}{Rap over Time}{subsection.6.1}% 17
\BOOKMARK [3][-]{subsubsection.6.1.3}{Sido}{subsection.6.1}% 18
\BOOKMARK [3][-]{subsubsection.6.1.4}{Overview}{subsection.6.1}% 19
\BOOKMARK [2][-]{subsection.6.2}{Limitations \046 Future Work}{section.6}% 20
\BOOKMARK [2][-]{subsection.6.3}{Related Work}{section.6}% 21
\BOOKMARK [1][-]{section.7}{Conclusion}{}% 22
\BOOKMARK [1][-]{section*.1}{References}{}% 23
